"../../../Engine/Content/EngineMaterials/T_Default_Material_Grid_N.uasset" 0
"../../../Engine/Content/EngineMaterials/T_Default_Material_Grid_M.uasset" 1
"../../../Engine/Content/Functions/Engine_MaterialFunctions01/Opacity/CameraDepthFade.uasset" 2
"../../../Engine/Content/EngineMaterials/WorldGridMaterial.uasset" 3
"../../../Engine/Content/ArtTools/RenderToTexture/Meshes/S_1_Unit_Plane.uasset" 4
"../../../Engine/Content/EngineMaterials/DefaultMaterial.uasset" 5
"../../../Engine/Content/BasicShapes/Cone.uasset" 6
"../../../Engine/Content/BasicShapes/Cube.uasset" 7
"../../../Engine/Content/BasicShapes/Plane.uasset" 8
"../../../Engine/Content/EditorLandscapeResources/DataLayer.uasset" 9
"../../../Engine/Content/EditorLandscapeResources/DefaultAlphaTexture.uasset" 10
"../../../Engine/Content/EditorMaterials/MAT_Groups_Toggle.uasset" 11
"../../../Engine/Content/EditorMaterials/MAT_Groups_Visibility.uasset" 12
"../../../Engine/Content/EditorMaterials/PreviewShadowIndicator.uasset" 13
"../../../Engine/Content/EditorMaterials/PreviewShadowIndicatorMaterial.uasset" 14
"../../../Engine/Content/EditorMaterials/MatineeGroups/MAT_ColorTrack.uasset" 15
"../../../Engine/Content/EditorMaterials/MatineeGroups/MAT_Groups_Anim.uasset" 16
"../../../Engine/Content/EditorMaterials/MatineeGroups/MAT_Groups_AudioMaster.uasset" 17
"../../../Engine/Content/EditorMaterials/MatineeGroups/MAT_Groups_Director.uasset" 18
"../../../Engine/Content/EditorMaterials/MatineeGroups/MAT_Groups_Event.uasset" 19
"../../../Engine/Content/EditorMaterials/MatineeGroups/MAT_Groups_Fade.uasset" 20
"../../../Engine/Content/EditorMaterials/MatineeGroups/MAT_Groups_Float.uasset" 21
"../../../Engine/Content/EditorMaterials/MatineeGroups/MAT_Groups_Move.uasset" 22
"../../../Engine/Content/EditorMaterials/MatineeGroups/MAT_Groups_Slomo.uasset" 23
"../../../Engine/Content/EditorMaterials/MatineeGroups/MAT_Groups_Sound.uasset" 24
"../../../Engine/Content/EditorMaterials/MatineeGroups/MAT_Groups_Vector.uasset" 25
"../../../Engine/Content/EditorMaterials/ParticleSystems/PSysThumbnail_NoImage.uasset" 26
"../../../Engine/Content/EditorMaterials/ParticleSystems/PSysThumbnail_OOD.uasset" 27
"../../../Engine/Content/EditorMaterials/Camera/CineMat.uasset" 28
"../../../Engine/Content/EditorMaterials/Camera/MI_CineMat_Rig.uasset" 29
"../../../Engine/Content/EditorMeshes/Camera/SM_CraneRig_Arm.uasset" 30
"../../../Engine/Content/EditorMeshes/Camera/SM_CraneRig_Base.uasset" 31
"../../../Engine/Content/EditorMeshes/Camera/SM_CraneRig_Body.uasset" 32
"../../../Engine/Content/EditorMeshes/Camera/SM_CraneRig_Mount.uasset" 33
"../../../Engine/Content/EditorMeshes/Camera/SM_RailRig_Mount.uasset" 34
"../../../Engine/Content/EditorMeshes/Camera/SM_RailRig_Track.uasset" 35
"../../../Engine/Content/EditorResources/BSPVertex.uasset" 36
"../../../Engine/Content/EditorResources/EmptyActor.uasset" 37
"../../../Engine/Content/EditorResources/S_Actor.uasset" 38
"../../../Engine/Content/EditorResources/S_Note.uasset" 39
"../../../Engine/Content/EditorResources/S_Solver.uasset" 40
"../../../Engine/Content/EditorResources/S_Terrain.uasset" 41
"../../../Engine/Content/EditorResources/S_Trigger.uasset" 42
"../../../Engine/Content/EditorResources/SequenceRecorder/Countdown.uasset" 43
"../../../Engine/Content/EditorResources/SequenceRecorder/RecordingIndicator.uasset" 44
"../../../Engine/Content/EngineDamageTypes/DmgTypeBP_Environmental.uasset" 45
"../../../Engine/Content/EngineDebugMaterials/DebugEditorMaterial.uasset" 46
"../../../Engine/Content/EngineDebugMaterials/DebugMeshMaterial.uasset" 47
"../../../Engine/Content/EngineDebugMaterials/M_SimpleUnlitTranslucent.uasset" 48
"../../../Engine/Content/EngineDebugMaterials/VolumeToRender.uasset" 49
"../../../Engine/Content/Functions/Engine_MaterialFunctions02/Utility/CameraDirectionVector.uasset" 50
"../../../Engine/Content/EngineDebugMaterials/M_VolumeRenderSphereTracePP.uasset" 51
"../../../Engine/Content/Functions/Engine_MaterialFunctions01/Shading/ConvertFromDiffSpec.uasset" 52
"../../../Engine/Content/EngineDebugMaterials/VertexColorMaterial.uasset" 53
"../../../Engine/Content/EngineDebugMaterials/WireframeMaterial.uasset" 54
"../../../Engine/Content/EngineFonts/Faces/RobotoRegular.uasset" 55
"../../../Engine/Content/EngineFonts/Faces/RobotoLight.uasset" 56
"../../../Engine/Content/EngineFonts/Faces/RobotoItalic.uasset" 57
"../../../Engine/Content/EngineFonts/Faces/RobotoBoldItalic.uasset" 58
"../../../Engine/Content/EngineFonts/Faces/RobotoBold.uasset" 59
"../../../Engine/Content/EngineFonts/Faces/DroidSansFallback.uasset" 60
"../../../Engine/Content/EngineFonts/Roboto.uasset" 61
"../../../Engine/Content/EngineMaterials/BaseFlattenNormalMap.uasset" 62
"../../../Engine/Content/EngineMaterials/BaseFlattenGrayscaleMap.uasset" 63
"../../../Engine/Content/EngineMaterials/BaseFlattenEmissiveMap.uasset" 64
"../../../Engine/Content/EngineMaterials/BaseFlattenDiffuseMap.uasset" 65
"../../../Engine/Content/EngineMaterials/BaseFlattenMaterial.uasset" 66
"../../../Engine/Content/EngineMaterials/BlueNoise.uasset" 67
"../../../Engine/Content/EngineMaterials/DefaultBloomKernel.uasset" 68
"../../../Engine/Content/EngineMaterials/DefaultBokeh.uasset" 69
"../../../Engine/Content/EngineMaterials/DefaultDiffuse.uasset" 70
"../../../Engine/Content/EngineMaterials/DefaultDeferredDecalMaterial.uasset" 71
"../../../Engine/Content/EngineMaterials/DefaultLightFunctionMaterial.uasset" 72
"../../../Engine/Content/EngineMaterials/DefaultPhysicalMaterial.uasset" 73
"../../../Engine/Content/Functions/Engine_MaterialFunctions02/Utility/BreakOutFloat2Components.uasset" 74
"../../../Engine/Content/EngineMaterials/DefaultPostProcessMaterial.uasset" 75
"../../../Engine/Content/EngineFonts/RobotoDistanceField.uasset" 76
"../../../Engine/Content/EngineMaterials/DefaultTextMaterialOpaque.uasset" 77
"../../../Engine/Content/EngineMaterials/DefaultWhiteGrid.uasset" 78
"../../../Engine/Content/EngineMaterials/DefaultWhiteGrid_Low.uasset" 79
"../../../Engine/Content/EngineMaterials/EmissiveMeshMaterial.uasset" 80
"../../../Engine/Content/EngineMaterials/GizmoMaterial.uasset" 81
"../../../Engine/Content/EngineMaterials/Good64x64TilingNoiseHighFreq.uasset" 82
"../../../Engine/Content/EngineMaterials/MiniFont.uasset" 83
"../../../Engine/Content/EngineMaterials/InvalidLightmapSettings.uasset" 84
"../../../Engine/Content/EngineMaterials/M_InvalidLightmapSettings.uasset" 85
"../../../Engine/Content/Functions/Engine_MaterialFunctions02/WorldPositionOffset/CameraOffset.uasset" 86
"../../../Engine/Content/EngineMaterials/PhAT_JointLimitMaterial.uasset" 87
"../../../Engine/Content/EngineMaterials/PreintegratedSkinBRDF.uasset" 88
"../../../Engine/Content/EngineMaterials/RemoveSurfaceMaterial.uasset" 89
"../../../Engine/Content/EngineMaterials/WeightMapPlaceholderTexture.uasset" 90
"../../../Engine/Content/EngineResources/WhiteSquareTexture.uasset" 91
"../../../Engine/Content/EngineMaterials/Widget3DPassThrough.uasset" 92
"../../../Engine/Content/EngineMaterials/Widget3DPassThrough_Masked.uasset" 93
"../../../Engine/Content/EngineMaterials/Widget3DPassThrough_Opaque.uasset" 94
"../../../Engine/Content/EngineMaterials/Widget3DPassThrough_Masked_OneSided.uasset" 95
"../../../Engine/Content/EngineMaterials/Widget3DPassThrough_Opaque_OneSided.uasset" 96
"../../../Engine/Content/EngineMaterials/Widget3DPassThrough_Translucent.uasset" 97
"../../../Engine/Content/EngineMaterials/Widget3DPassThrough_Translucent_OneSided.uasset" 98
"../../../Engine/Content/EngineMeshes/Cylinder.uasset" 99
"../../../Engine/Content/EngineMeshes/Sphere.uasset" 100
"../../../Engine/Content/EngineResources/Black.uasset" 101
"../../../Engine/Content/EngineResources/DefaultTextureCube.uasset" 102
"../../../Engine/Content/EngineResources/DefaultVolumeTexture2D.uasset" 103
"../../../Engine/Content/EngineResources/DefaultVolumeTexture.uasset" 104
"../../../Engine/Content/EngineResources/GradientTexture0.uasset" 105
"../../../Engine/Content/EngineSky/VolumetricClouds/T_NoiseShape64.uasset" 106
"../../../Engine/Content/EngineSky/VolumetricClouds/T_VolumeNoiseShape64.uasset" 107
"../../../Engine/Content/EngineSky/VolumetricClouds/T_NoiseErosion.uasset" 108
"../../../Engine/Content/EngineSky/VolumetricClouds/T_VolumeNoiseErosion32.uasset" 109
"../../../Engine/Content/EngineSky/VolumetricClouds/CloudWeatherTexture.uasset" 110
"../../../Engine/Content/EngineSky/VolumetricClouds/CloudGradientTexture.uasset" 111
"../../../Engine/Content/Functions/Engine_MaterialFunctions02/Utility/MakeFloat2.uasset" 112
"../../../Engine/Content/EngineSky/VolumetricClouds/m_SimpleVolumetricCloud.uasset" 113
"../../../Engine/Content/EngineSky/VolumetricClouds/m_SimpleVolumetricCloud_Inst.uasset" 114
"../../../Engine/Content/EngineSounds/Master.uasset" 115
"../../../Engine/Content/Functions/Engine_MaterialFunctions01/Shading/PowerToRoughness.uasset" 116
"../../../Engine/Content/Maps/Templates/Thumbnails/Default.uasset" 117
"../../../Engine/Content/Maps/Templates/Thumbnails/TimeOfDay.uasset" 118
"../../../Engine/Content/Maps/Templates/Thumbnails/VR-Basic.uasset" 119
"../../../Engine/Content/MobileResources/T_MobileControls_texture.uasset" 120
"../../../Engine/Content/MobileResources/T_MobileMenu2.uasset" 121
"../../../Engine/Content/MobileResources/HUD/AnalogHat.uasset" 122
"../../../Engine/Content/MobileResources/HUD/VirtualJoystick_Thumb.uasset" 123
"../../../Engine/Content/MobileResources/HUD/VirtualJoystick_Background.uasset" 124
"../../../Engine/Content/MobileResources/HUD/DefaultVirtualJoysticks.uasset" 125
"../../../Engine/Content/MobileResources/HUD/LeftVirtualJoystickOnly.uasset" 126
"../../../Engine/Content/MobileResources/HUD/MobileHUDButton1_off.uasset" 127
"../../../Engine/Content/MobileResources/HUD/MobileHUDButton1_on.uasset" 128
"../../../Engine/Content/MobileResources/HUD/MobileHUDButton2_off.uasset" 129
"../../../Engine/Content/MobileResources/HUD/MobileHUDButton2_on.uasset" 130
"../../../Engine/Content/MobileResources/HUD/MobileHUDButton3.uasset" 131
"../../../Engine/Content/MobileResources/HUD/MobileHUDButtonFire.uasset" 132
"../../../Engine/Content/MobileResources/HUD/MobileHUDDirectionPad.uasset" 133
"../../../Engine/Content/MobileResources/HUD/MobileHUDDirectionPad2.uasset" 134
"../../../Engine/Content/MobileResources/HUD/MobileHUDDirectionPad3.uasset" 135
"../../../Engine/Content/MobileResources/HUD/MobileHUDDirectionStick.uasset" 136
"../../../Engine/Content/MobileResources/HUD/T_Castle_ThumbstickInner.uasset" 137
"../../../Engine/Content/MobileResources/HUD/T_Castle_ThumbstickOutter.uasset" 138
"../../../Engine/Content/Tutorial/ContentIntroCurve.uasset" 139
"../../../Engine/Content/Tutorial/Basics/LevelEditorAttract.uasset" 140
"../../../Engine/Content/VREditor/TransformGizmo/TranslucentTransformGizmoMaterial.uasset" 141
"../../../Engine/Content/VREditor/LaserPointer/VR_LaserPower_01.uasset" 142
"../../../Engine/Content/VREditor/TransformGizmo/TransformGizmoMaterial.uasset" 143
"../../../Engine/Content/VREditor/TransformGizmo/BoundingBoxCorner.uasset" 144
"../../../Engine/Content/VREditor/TransformGizmo/BoundingBoxEdge.uasset" 145
"../../../Engine/Content/VREditor/TransformGizmo/PlaneTranslationHandle.uasset" 146
"../../../Engine/Content/VREditor/TransformGizmo/Xray.uasset" 147
"../../../Engine/Content/VREditor/TransformGizmo/Main.uasset" 148
"../../../Engine/Content/VREditor/TransformGizmo/SM_Sequencer_Key.uasset" 149
"../../../Engine/Content/VREditor/TransformGizmo/SM_Sequencer_Node.uasset" 150
"../../Plugins/2D/Paper2D/Content/PlaceholderTextures/DummySpriteTexture.uasset" 151
"../../Plugins/2D/Paper2D/Content/DummySprite.uasset" 152
"../../Plugins/2D/Paper2D/Content/DefaultPaperTerrainMaterial.uasset" 153
"../../Plugins/2D/Paper2D/Content/DefaultSpriteMaterial.uasset" 154
"../../Plugins/2D/Paper2D/Content/MaskedUnlitSpriteMaterial.uasset" 155
"../../Plugins/2D/Paper2D/Content/OpaqueUnlitSpriteMaterial.uasset" 156
"../../../Engine/Content/Functions/Engine_MaterialFunctions02/Utility/BreakOutFloat3Components.uasset" 157
"../../Plugins/Editor/SpeedTreeImporter/Content/SpeedTree9/UnpackInteger3.uasset" 158
"../../Plugins/Editor/SpeedTreeImporter/Content/SpeedTree9/UnpackDirection.uasset" 159
"../../Plugins/Editor/SpeedTreeImporter/Content/SpeedTree9/game_wind_noise.uasset" 160
"../../../Engine/Content/Functions/Engine_MaterialFunctions02/SafeNormalize.uasset" 161
"../../Plugins/Editor/SpeedTreeImporter/Content/SpeedTree9/SpeedTreeWindMotion.uasset" 162
"../../Plugins/Editor/SpeedTreeImporter/Content/SpeedTree9/SpeedTreeBranchMotion.uasset" 163
"../../../Engine/Content/Functions/Engine_MaterialFunctions02/ObjectLocalBounds.uasset" 164
"../../../Engine/Content/Functions/Engine_MaterialFunctions02/UVs/BoundingBoxBased_0-1_UVW.uasset" 165
"../../Plugins/Editor/SpeedTreeImporter/Content/SpeedTree9/SpeedTreeWind.uasset" 166
"../../Plugins/Editor/SpeedTreeImporter/Content/SpeedTree9/SpeedTreeBillboard.uasset" 167
"../../../Engine/Content/EngineResources/DefaultTexture.uasset" 168
"../../Plugins/Editor/SpeedTreeImporter/Content/SpeedTree9/SpeedTreeBillboardMaster.uasset" 169
"../../Plugins/Editor/SpeedTreeImporter/Content/SpeedTree9/SpeedTreeCameraFacing.uasset" 170
"../../Plugins/Editor/SpeedTreeImporter/Content/SpeedTree9/SpeedTreeMaster.uasset" 171
"../../../Engine/Content/BasicShapes/Cylinder.uasset" 172
"../../../Engine/Content/ArtTools/RenderToTexture/Materials/Debug/M_Emissive_Color.uasset" 173
"../../Plugins/Lumin/MagicLeapPassableWorld/Content/MagicLeapARPinInfoActor.uasset" 174
"../../../Engine/Content/Functions/Engine_MaterialFunctions02/Utility/BreakOutFloat4Components.uasset" 175
"../../../Engine/Content/Functions/Engine_MaterialFunctions02/Utility/MakeFloat3.uasset" 176
"../../Plugins/Runtime/Oculus/OculusVR/Content/Materials/OculusMR_ChromaKey.uasset" 177
"../../Plugins/Runtime/Oculus/OculusVR/Content/Materials/OculusMR_OpaqueColoredMaterial.uasset" 178
"../../Plugins/Runtime/Oculus/OculusVR/Content/Materials/PokeAHoleMaterial.uasset" 179
"G:/ue_projects/TrainingSecond/SecondHit/Content/Mannequin/Character/Textures/T_Male_N.uasset" 180
"G:/ue_projects/TrainingSecond/SecondHit/Content/Mannequin/Character/Textures/T_Male_Mask.uasset" 181
"G:/ue_projects/TrainingSecond/SecondHit/Content/Mannequin/Character/Materials/MaterialLayers/T_ML_Rubber_Blue_01_N.uasset" 182
"G:/ue_projects/TrainingSecond/SecondHit/Content/Mannequin/Character/Materials/MaterialLayers/T_ML_Rubber_Blue_01_D.uasset" 183
"G:/ue_projects/TrainingSecond/SecondHit/Content/Mannequin/Character/Materials/MaterialLayers/T_ML_Aluminum01_N.uasset" 184
"G:/ue_projects/TrainingSecond/SecondHit/Content/Mannequin/Character/Materials/MaterialLayers/T_ML_Aluminum01.uasset" 185
"../../../Engine/Content/EngineSky/T_Sky_Stars.uasset" 186
"../../../Engine/Content/EngineSky/T_Sky_Clouds_M.uasset" 187
"../../../Engine/Content/EngineSky/T_Sky_Blue.uasset" 188
"G:/ue_projects/TrainingSecond/SecondHit/Content/MobileStarterContent/Textures/T_Ground_Grass_N.uasset" 189
"G:/ue_projects/TrainingSecond/SecondHit/Content/MobileStarterContent/Textures/T_Ground_Grass_D.uasset" 190
"../../../Engine/Content/Functions/Engine_MaterialFunctions01/Texturing/FlattenNormal.uasset" 191
"G:/ue_projects/TrainingSecond/SecondHit/Content/Materials/M_Ground_Grass.uasset" 192
"G:/ue_projects/TrainingSecond/SecondHit/Content/Materials/MI_Grass.uasset" 193
"G:/ue_projects/TrainingSecond/SecondHit/Content/MobileStarterContent/Textures/T_Metal_Rust_D.uasset" 194
"G:/ue_projects/TrainingSecond/SecondHit/Content/MobileStarterContent/Textures/T_Metal_Rust_N.uasset" 195
"G:/ue_projects/TrainingSecond/SecondHit/Content/MobileStarterContent/Materials/M_Metal_Rust.uasset" 196
"G:/ue_projects/TrainingSecond/SecondHit/Content/MobileStarterContent/Textures/T_Ground_Moss_N.uasset" 197
"G:/ue_projects/TrainingSecond/SecondHit/Content/MobileStarterContent/Textures/T_ground_Moss_D.uasset" 198
"G:/ue_projects/TrainingSecond/SecondHit/Content/MobileStarterContent/Materials/M_Ground_Moss.uasset" 199
"G:/ue_projects/TrainingSecond/SecondHit/Content/MobileStarterContent/Textures/T_Concrete_Poured_N.uasset" 200
"G:/ue_projects/TrainingSecond/SecondHit/Content/MobileStarterContent/Textures/T_Concrete_Poured_D.uasset" 201
"G:/ue_projects/TrainingSecond/SecondHit/Content/MobileStarterContent/Materials/M_Concrete_Poured.uasset" 202
"G:/ue_projects/TrainingSecond/SecondHit/Content/MobileStarterContent/Textures/T_CobbleStone_Pebble_N.uasset" 203
"G:/ue_projects/TrainingSecond/SecondHit/Content/MobileStarterContent/Textures/T_CobbleStone_Pebble_D.uasset" 204
"G:/ue_projects/TrainingSecond/SecondHit/Content/MobileStarterContent/Materials/M_CobbleStone_Pebble.uasset" 205
"G:/ue_projects/TrainingSecond/SecondHit/Content/Mannequin/Character/Materials/MaterialLayers/ML_SoftMetal_UE4.uasset" 206
"G:/ue_projects/TrainingSecond/SecondHit/Content/Mannequin/Character/Textures/T_UE4Logo_Mask.uasset" 207
"G:/ue_projects/TrainingSecond/SecondHit/Content/Mannequin/Character/Materials/MaterialLayers/ML_Plastic_Shiny_Beige_LOGO.uasset" 208
"G:/ue_projects/TrainingSecond/SecondHit/Content/Mannequin/Character/Materials/MaterialLayers/ML_Plastic_Shiny_Beige.uasset" 209
"G:/ue_projects/TrainingSecond/SecondHit/Content/Mannequin/Character/Materials/MaterialLayers/ML_GlossyBlack_Latex_UE4.uasset" 210
"../../../Engine/Content/Functions/MaterialLayerFunctions/MatLayerBlend_Simple.uasset" 211
"../../../Engine/Content/Functions/Engine_MaterialFunctions02/Utility/BlendAngleCorrectedNormals.uasset" 212
"../../../Engine/Content/Functions/MaterialLayerFunctions/MatLayerBlend_NormalBlend.uasset" 213
"G:/ue_projects/TrainingSecond/SecondHit/Content/Mannequin/Character/Materials/M_Male_Body.uasset" 214
"../../../Engine/Content/EngineSky/M_Sky_Panning_Clouds2.uasset" 215
"G:/ue_projects/TrainingSecond/SecondHit/Content/Maps/FirstLevel_BuiltData.uasset" 216
"../../../Engine/Content/EditorBlueprintResources/StandardMacros.uasset" 217
"G:/ue_projects/TrainingSecond/SecondHit/Content/FPWeapon/Mesh/SK_FPGun_Skeleton.uasset" 218
"G:/ue_projects/TrainingSecond/SecondHit/Content/FPWeapon/Mesh/SK_FPGun_PhysicsAsset.uasset" 219
"G:/ue_projects/TrainingSecond/SecondHit/Content/FPWeapon/Textures/T_FPGun_N.uasset" 220
"G:/ue_projects/TrainingSecond/SecondHit/Content/FPWeapon/Textures/T_FPGun_AO.uasset" 221
"G:/ue_projects/TrainingSecond/SecondHit/Content/FPWeapon/Textures/T_FPGun_M.uasset" 222
"G:/ue_projects/TrainingSecond/SecondHit/Content/FPWeapon/Materials/MaterialLayers/T_ML_Aluminum01_N.uasset" 223
"G:/ue_projects/TrainingSecond/SecondHit/Content/FPWeapon/Materials/MaterialLayers/T_ML_Aluminum01.uasset" 224
"G:/ue_projects/TrainingSecond/SecondHit/Content/FPWeapon/Textures/UE4_Mannequin_occlusion_Mobile.uasset" 225
"../../../Engine/Content/Functions/Engine_MaterialFunctions01/Shading/MetallicShading.uasset" 226
"G:/ue_projects/TrainingSecond/SecondHit/Content/FPWeapon/Materials/MF_RoughnessAdjustment.uasset" 227
"G:/ue_projects/TrainingSecond/SecondHit/Content/FPWeapon/Materials/MF_BaseColorTintAndContrast.uasset" 228
"G:/ue_projects/TrainingSecond/SecondHit/Content/FPWeapon/Materials/MaterialLayers/ML_SoftMetal_UE4.uasset" 229
"G:/ue_projects/TrainingSecond/SecondHit/Content/FPWeapon/Textures/UE4_LOGO_CARD.uasset" 230
"G:/ue_projects/TrainingSecond/SecondHit/Content/FPWeapon/Materials/MaterialLayers/ML_Plastic_Shiny_Beige_LOGO.uasset" 231
"G:/ue_projects/TrainingSecond/SecondHit/Content/FPWeapon/Materials/MaterialLayers/ML_Plastic_Shiny_Beige.uasset" 232
"G:/ue_projects/TrainingSecond/SecondHit/Content/FPWeapon/Materials/MaterialLayers/T_ML_Rubber_Blue_01_N.uasset" 233
"G:/ue_projects/TrainingSecond/SecondHit/Content/FPWeapon/Materials/MaterialLayers/T_ML_Rubber_Blue_01_D.uasset" 234
"G:/ue_projects/TrainingSecond/SecondHit/Content/FPWeapon/Materials/MaterialLayers/T_ML_FineRubber.uasset" 235
"G:/ue_projects/TrainingSecond/SecondHit/Content/FPWeapon/Materials/MaterialLayers/ML_GlossyBlack_Latex_UE4.uasset" 236
"../../../Engine/Content/Functions/MaterialLayerFunctions/MatLayerBlend_AO.uasset" 237
"G:/ue_projects/TrainingSecond/SecondHit/Content/FPWeapon/Materials/M_FPGun.uasset" 238
"G:/ue_projects/TrainingSecond/SecondHit/Content/FPWeapon/Materials/MI_FPGun.uasset" 239
"G:/ue_projects/TrainingSecond/SecondHit/Content/FPWeapon/Mesh/SK_FPGun.uasset" 240
"G:/ue_projects/TrainingSecond/SecondHit/Content/Materials/M_Projectile.uasset" 241
"G:/ue_projects/TrainingSecond/SecondHit/Content/Materials/MI_Projectile.uasset" 242
"../../../Engine/Content/BasicShapes/Sphere.uasset" 243
"G:/ue_projects/TrainingSecond/SecondHit/Content/Blueprints/I_Damagable.uasset" 244
"G:/ue_projects/TrainingSecond/SecondHit/Content/Blueprints/Projectile.uasset" 245
"G:/ue_projects/TrainingSecond/SecondHit/Content/Blueprints/Riffle.uasset" 246
"G:/ue_projects/TrainingSecond/SecondHit/Content/UI/PlayerUI.uasset" 247
"G:/ue_projects/TrainingSecond/SecondHit/Content/Mannequin/Character/Mesh/SK_Mannequin_Female_PhysicsAsset.uasset" 248
"G:/ue_projects/TrainingSecond/SecondHit/Content/Mannequin/Character/Textures/T_UE4Logo_N.uasset" 249
"G:/ue_projects/TrainingSecond/SecondHit/Content/Mannequin/Character/Materials/M_UE4Man_ChestLogo.uasset" 250
"G:/ue_projects/TrainingSecond/SecondHit/Content/Mannequin/Character/Textures/T_Female_N.uasset" 251
"G:/ue_projects/TrainingSecond/SecondHit/Content/Mannequin/Character/Textures/T_Female_Mask.uasset" 252
"G:/ue_projects/TrainingSecond/SecondHit/Content/Mannequin/Character/Materials/MI_Female_Body.uasset" 253
"../../../Engine/Content/EngineMeshes/Humanoid.uasset" 254
"G:/ue_projects/TrainingSecond/SecondHit/Content/Mannequin/Character/Mesh/UE4_Mannequin_Skeleton.uasset" 255
"G:/ue_projects/TrainingSecond/SecondHit/Content/Mannequin/Character/Mesh/SK_Mannequin_Female.uasset" 256
"G:/ue_projects/TrainingSecond/SecondHit/Content/Blueprints/HeroCharacter.uasset" 257
"G:/ue_projects/TrainingSecond/SecondHit/Content/Blueprints/AI_Enemy.uasset" 258
"G:/ue_projects/TrainingSecond/SecondHit/Content/Mannequin/Character/Mesh/SK_Mannequin_PhysicsAsset.uasset" 259
"G:/ue_projects/TrainingSecond/SecondHit/Content/Mannequin/Character/Mesh/SK_Mannequin.uasset" 260
"G:/ue_projects/TrainingSecond/SecondHit/Content/Blueprints/EnemyCharacter.uasset" 261
"G:/ue_projects/TrainingSecond/SecondHit/Content/Blueprints/EnemySpawner.uasset" 262
"G:/ue_projects/TrainingSecond/SecondHit/Content/Blueprints/StandartGameMode.uasset" 263
"../../../Engine/Content/EngineSky/SM_SkySphere.uasset" 264
"../../../Engine/Content/EngineSky/C_Sky_Zenith_Color.uasset" 265
"../../../Engine/Content/EngineSky/C_Sky_Horizon_Color.uasset" 266
"../../../Engine/Content/EngineSky/C_Sky_Cloud_Color.uasset" 267
"../../../Engine/Content/EngineSky/BP_Sky_Sphere.uasset" 268
"G:/ue_projects/TrainingSecond/SecondHit/Content/Maps/FirstLevel.umap" 269
"../../../Engine/Content/Maps/Entry_BuiltData.uasset" 270
"../../../Engine/Content/Maps/Entry.umap" 271
